<?xml version="1.0" encoding="UTF-8"?>
<!-- Generated by org.testng.reporters.JUnitReportReporter -->
<testsuite skipped="0" hostname="STFJFAC035554-W" name="basics" tests="2" failures="0" timestamp="01 jul 2019 16:11:57 GMT" time="54.753" errors="0">
  <testcase name="Testtwo" time="23.070" classname="basics"/>
  <testcase name="Test" time="31.683" classname="basics"/>
</testsuite> <!-- basics -->
