<?xml version="1.0" encoding="UTF-8"?>
<!-- Generated by org.testng.reporters.JUnitReportReporter -->
<testsuite skipped="0" hostname="STFJFAC035554-W" name="basics" tests="2" failures="0" timestamp="04 jul 2019 14:38:34 GMT" time="56.660" errors="0">
  <testcase name="Testtwo" time="23.833" classname="basics"/>
  <testcase name="Test" time="32.827" classname="basics"/>
</testsuite> <!-- basics -->
